0 info it worked if it ends with ok
1 verbose cli [ 'node', '/usr/local/bin/npm', 'install', 'ngAnimate' ]
2 info using npm@2.7.6
3 info using node@v0.10.33
4 verbose install initial load of /Users/lewis/Research/ringroad/package.json
5 verbose installManyTop reading scoped package data from /Users/lewis/Research/ringroad/node_modules/angular/package.json
6 verbose installManyTop reading scoped package data from /Users/lewis/Research/ringroad/node_modules/angular-animate/package.json
7 verbose installManyTop reading scoped package data from /Users/lewis/Research/ringroad/node_modules/angular-aria/package.json
8 verbose installManyTop reading scoped package data from /Users/lewis/Research/ringroad/node_modules/angular-material/package.json
9 verbose installManyTop reading scoped package data from /Users/lewis/Research/ringroad/node_modules/browserify/package.json
10 verbose installManyTop reading scoped package data from /Users/lewis/Research/ringroad/node_modules/coffeeify/package.json
11 verbose installManyTop reading scoped package data from /Users/lewis/Research/ringroad/node_modules/d3/package.json
12 verbose installManyTop reading scoped package data from /Users/lewis/Research/ringroad/node_modules/gulp/package.json
13 verbose installManyTop reading scoped package data from /Users/lewis/Research/ringroad/node_modules/gulp-browserify/package.json
14 verbose installManyTop reading scoped package data from /Users/lewis/Research/ringroad/node_modules/gulp-jade/package.json
15 verbose installManyTop reading scoped package data from /Users/lewis/Research/ringroad/node_modules/gulp-less/package.json
16 verbose installManyTop reading scoped package data from /Users/lewis/Research/ringroad/node_modules/gulp-notify/package.json
17 verbose installManyTop reading scoped package data from /Users/lewis/Research/ringroad/node_modules/gulp-rename/package.json
18 verbose installManyTop reading scoped package data from /Users/lewis/Research/ringroad/node_modules/gulp-sourcemaps/package.json
19 verbose installManyTop reading scoped package data from /Users/lewis/Research/ringroad/node_modules/gulp-util/package.json
20 verbose installManyTop reading scoped package data from /Users/lewis/Research/ringroad/node_modules/lodash/package.json
21 verbose installManyTop reading scoped package data from /Users/lewis/Research/ringroad/node_modules/textures/package.json
22 verbose installManyTop reading scoped package data from /Users/lewis/Research/ringroad/node_modules/vinyl-source-stream/package.json
23 verbose installManyTop reading scoped package data from /Users/lewis/Research/ringroad/node_modules/watchify/package.json
24 verbose readDependencies loading dependencies from /Users/lewis/Research/ringroad/package.json
25 silly cache add args [ 'ngAnimate', null ]
26 verbose cache add spec ngAnimate
27 silly cache add parsed spec { raw: 'ngAnimate',
27 silly cache add   scope: null,
27 silly cache add   name: 'ngAnimate',
27 silly cache add   rawSpec: '',
27 silly cache add   spec: '*',
27 silly cache add   type: 'range' }
28 silly addNamed ngAnimate@*
29 verbose addNamed "*" is a valid semver range for ngAnimate
30 silly addNameRange { name: 'ngAnimate', range: '*', hasData: false }
31 silly mapToRegistry name ngAnimate
32 silly mapToRegistry using default registry
33 silly mapToRegistry registry https://registry.npmjs.org/
34 silly mapToRegistry uri https://registry.npmjs.org/ngAnimate
35 verbose addNameRange registry:https://registry.npmjs.org/ngAnimate not in flight; fetching
36 verbose request uri https://registry.npmjs.org/ngAnimate
37 verbose request no auth needed
38 info attempt registry request try #1 at 11:48:08
39 verbose request id 329e1b5beb66ab1f
40 http request GET https://registry.npmjs.org/ngAnimate
41 http 404 https://registry.npmjs.org/ngAnimate
42 verbose headers { 'content-type': 'application/json',
42 verbose headers   'cache-control': 'max-age=0',
42 verbose headers   'content-length': '2',
42 verbose headers   'accept-ranges': 'bytes',
42 verbose headers   date: 'Wed, 02 Sep 2015 18:48:08 GMT',
42 verbose headers   via: '1.1 varnish',
42 verbose headers   age: '0',
42 verbose headers   connection: 'keep-alive',
42 verbose headers   'x-served-by': 'cache-lax1429-LAX',
42 verbose headers   'x-cache': 'MISS',
42 verbose headers   'x-cache-hits': '0',
42 verbose headers   'x-timer': 'S1441219688.138319,VS0,VE305' }
43 silly get cb [ 404,
43 silly get   { 'content-type': 'application/json',
43 silly get     'cache-control': 'max-age=0',
43 silly get     'content-length': '2',
43 silly get     'accept-ranges': 'bytes',
43 silly get     date: 'Wed, 02 Sep 2015 18:48:08 GMT',
43 silly get     via: '1.1 varnish',
43 silly get     age: '0',
43 silly get     connection: 'keep-alive',
43 silly get     'x-served-by': 'cache-lax1429-LAX',
43 silly get     'x-cache': 'MISS',
43 silly get     'x-cache-hits': '0',
43 silly get     'x-timer': 'S1441219688.138319,VS0,VE305' } ]
44 verbose stack Error: Registry returned 404 for GET on https://registry.npmjs.org/ngAnimate
44 verbose stack     at CachingRegistryClient.<anonymous> (/usr/local/lib/node_modules/npm/node_modules/npm-registry-client/lib/request.js:239:14)
44 verbose stack     at Request._callback (/usr/local/lib/node_modules/npm/node_modules/npm-registry-client/lib/request.js:170:14)
44 verbose stack     at Request.self.callback (/usr/local/lib/node_modules/npm/node_modules/request/request.js:360:22)
44 verbose stack     at Request.emit (events.js:98:17)
44 verbose stack     at Request.<anonymous> (/usr/local/lib/node_modules/npm/node_modules/request/request.js:1202:14)
44 verbose stack     at Request.emit (events.js:117:20)
44 verbose stack     at IncomingMessage.<anonymous> (/usr/local/lib/node_modules/npm/node_modules/request/request.js:1150:12)
44 verbose stack     at IncomingMessage.emit (events.js:117:20)
44 verbose stack     at _stream_readable.js:943:16
44 verbose stack     at process._tickCallback (node.js:419:13)
45 verbose statusCode 404
46 verbose pkgid ngAnimate
47 verbose cwd /Users/lewis/Research/ringroad
48 error Darwin 14.3.0
49 error argv "node" "/usr/local/bin/npm" "install" "ngAnimate"
50 error node v0.10.33
51 error npm  v2.7.6
52 error code E404
53 error 404 Registry returned 404 for GET on https://registry.npmjs.org/ngAnimate
53 error 404
53 error 404 'ngAnimate' is not in the npm registry.
53 error 404 You should bug the author to publish it (or use the name yourself!)
53 error 404 It was specified as a dependency of 'kmeans'
53 error 404
53 error 404 Note that you can also install from a
53 error 404 tarball, folder, http url, or git url.
54 verbose exit [ 1, true ]
